2021-05-13 15:44:40 INFO  EmployeesRestAPI:18 - ******************* TC001_Get_All_Employees ********************
2021-05-13 15:45:35 INFO  EmployeesRestAPI:18 - ******************* TC001_Get_All_Employees ********************
2021-05-13 15:47:03 INFO  EmployeesRestAPI:18 - ******************* TC001_Get_All_Employees ********************
2021-05-13 15:47:31 INFO  EmployeesRestAPI:31 - ***********  Checking Respose Body **********
2021-05-13 15:48:45 INFO  EmployeesRestAPI:31 - ***********  Checking Respose Body **********
2021-05-13 15:49:20 INFO  EmployeesRestAPI:31 - ***********  Checking Respose Body **********
2021-05-13 15:51:29 INFO  EmployeesRestAPI:31 - ***********  Checking Respose Body **********
2021-05-13 15:52:17 INFO  EmployeesRestAPI:31 - ***********  Checking Respose Body **********
2021-05-13 15:53:23 INFO  EmployeesRestAPI:18 - ******************* TC001_Get_All_Employees ********************
2021-05-13 15:53:58 INFO  EmployeesRestAPI:18 - ******************* TC001_Get_All_Employees ********************
2021-05-13 15:54:43 INFO  EmployeesRestAPI:19 - ******************* TC001_Get_All_Employees ********************
2021-05-13 15:56:15 INFO  EmployeesRestAPI:19 - ******************* TC001_Get_All_Employees ********************
2021-05-13 16:03:08 INFO  EmployeesRestAPI:19 - ******************* TC001_Get_All_Employees ********************
2021-05-13 16:03:25 INFO  EmployeesRestAPI:19 - ******************* TC001_Get_All_Employees ********************
2021-05-13 16:04:15 INFO  EmployeesRestAPI:19 - ******************* TC001_Get_All_Employees ********************
2021-05-13 16:05:35 INFO  EmployeesRestAPI:19 - ******************* @@@ TC001_Get_All_Employees ********************
2021-05-13 16:10:52 INFO  EmployeesRestAPI:19 - ******************* @@@ TC001_Get_All_Employees ********************
2021-05-13 16:11:01 INFO  EmployeesRestAPI:32 - ***********  Checking Respose Body **********
2021-05-13 16:11:01 INFO  EmployeesRestAPI:34 - Response body is---> <!DOCTYPE html>
<html lang="en">
    <head>
        <meta charset="utf-8">
        <meta name="viewport" content="width=device-width, initial-scale=1">

        <title>Too Many Requests</title>

        <!-- Fonts -->
        <link rel="dns-prefetch" href="//fonts.gstatic.com">
        <link href="https://fonts.googleapis.com/css?family=Nunito" rel="stylesheet">

        <!-- Styles -->
        <style>
            html, body {
                background-color: #fff;
                color: #636b6f;
                font-family: 'Nunito', sans-serif;
                font-weight: 100;
                height: 100vh;
                margin: 0;
            }

            .full-height {
                height: 100vh;
            }

            .flex-center {
                align-items: center;
                display: flex;
                justify-content: center;
            }

            .position-ref {
                position: relative;
            }

            .code {
                border-right: 2px solid;
                font-size: 26px;
                padding: 0 15px 0 15px;
                text-align: center;
            }

            .message {
                font-size: 18px;
                text-align: center;
            }
        </style>
    </head>
    <body>
        <div class="flex-center position-ref full-height">
            <div class="code">
                429            </div>

            <div class="message" style="padding: 10px;">
                Too Many Requests            </div>
        </div>
    </body>
</html>

2021-05-13 16:13:16 INFO  EmployeesRestAPI:19 - ******************* @@@ TC001_Get_All_Employees ********************
2021-05-13 16:13:24 INFO  EmployeesRestAPI:32 - ***********  Checking Respose Body **********
2021-05-13 16:13:24 INFO  EmployeesRestAPI:34 - Response body is---> {"status":"success","data":[{"id":1,"employee_name":"Tiger Nixon","employee_salary":320800,"employee_age":61,"profile_image":""},{"id":2,"employee_name":"Garrett Winters","employee_salary":170750,"employee_age":63,"profile_image":""},{"id":3,"employee_name":"Ashton Cox","employee_salary":86000,"employee_age":66,"profile_image":""},{"id":4,"employee_name":"Cedric Kelly","employee_salary":433060,"employee_age":22,"profile_image":""},{"id":5,"employee_name":"Airi Satou","employee_salary":162700,"employee_age":33,"profile_image":""},{"id":6,"employee_name":"Brielle Williamson","employee_salary":372000,"employee_age":61,"profile_image":""},{"id":7,"employee_name":"Herrod Chandler","employee_salary":137500,"employee_age":59,"profile_image":""},{"id":8,"employee_name":"Rhona Davidson","employee_salary":327900,"employee_age":55,"profile_image":""},{"id":9,"employee_name":"Colleen Hurst","employee_salary":205500,"employee_age":39,"profile_image":""},{"id":10,"employee_name":"Sonya Frost","employee_salary":103600,"employee_age":23,"profile_image":""},{"id":11,"employee_name":"Jena Gaines","employee_salary":90560,"employee_age":30,"profile_image":""},{"id":12,"employee_name":"Quinn Flynn","employee_salary":342000,"employee_age":22,"profile_image":""},{"id":13,"employee_name":"Charde Marshall","employee_salary":470600,"employee_age":36,"profile_image":""},{"id":14,"employee_name":"Haley Kennedy","employee_salary":313500,"employee_age":43,"profile_image":""},{"id":15,"employee_name":"Tatyana Fitzpatrick","employee_salary":385750,"employee_age":19,"profile_image":""},{"id":16,"employee_name":"Michael Silva","employee_salary":198500,"employee_age":66,"profile_image":""},{"id":17,"employee_name":"Paul Byrd","employee_salary":725000,"employee_age":64,"profile_image":""},{"id":18,"employee_name":"Gloria Little","employee_salary":237500,"employee_age":59,"profile_image":""},{"id":19,"employee_name":"Bradley Greer","employee_salary":132000,"employee_age":41,"profile_image":""},{"id":20,"employee_name":"Dai Rios","employee_salary":217500,"employee_age":35,"profile_image":""},{"id":21,"employee_name":"Jenette Caldwell","employee_salary":345000,"employee_age":30,"profile_image":""},{"id":22,"employee_name":"Yuri Berry","employee_salary":675000,"employee_age":40,"profile_image":""},{"id":23,"employee_name":"Caesar Vance","employee_salary":106450,"employee_age":21,"profile_image":""},{"id":24,"employee_name":"Doris Wilder","employee_salary":85600,"employee_age":23,"profile_image":""}],"message":"Successfully! All records has been fetched."}
2021-05-13 16:14:44 INFO  EmployeesRestAPI:19 - ******************* @@@ TC001_Get_All_Employees ********************
2021-05-13 16:14:53 INFO  EmployeesRestAPI:32 - ***********  Checking Respose Body **********
2021-05-13 16:14:53 INFO  EmployeesRestAPI:34 - Response body is---> {"status":"success","data":[{"id":1,"employee_name":"Tiger Nixon","employee_salary":320800,"employee_age":61,"profile_image":""},{"id":2,"employee_name":"Garrett Winters","employee_salary":170750,"employee_age":63,"profile_image":""},{"id":3,"employee_name":"Ashton Cox","employee_salary":86000,"employee_age":66,"profile_image":""},{"id":4,"employee_name":"Cedric Kelly","employee_salary":433060,"employee_age":22,"profile_image":""},{"id":5,"employee_name":"Airi Satou","employee_salary":162700,"employee_age":33,"profile_image":""},{"id":6,"employee_name":"Brielle Williamson","employee_salary":372000,"employee_age":61,"profile_image":""},{"id":7,"employee_name":"Herrod Chandler","employee_salary":137500,"employee_age":59,"profile_image":""},{"id":8,"employee_name":"Rhona Davidson","employee_salary":327900,"employee_age":55,"profile_image":""},{"id":9,"employee_name":"Colleen Hurst","employee_salary":205500,"employee_age":39,"profile_image":""},{"id":10,"employee_name":"Sonya Frost","employee_salary":103600,"employee_age":23,"profile_image":""},{"id":11,"employee_name":"Jena Gaines","employee_salary":90560,"employee_age":30,"profile_image":""},{"id":12,"employee_name":"Quinn Flynn","employee_salary":342000,"employee_age":22,"profile_image":""},{"id":13,"employee_name":"Charde Marshall","employee_salary":470600,"employee_age":36,"profile_image":""},{"id":14,"employee_name":"Haley Kennedy","employee_salary":313500,"employee_age":43,"profile_image":""},{"id":15,"employee_name":"Tatyana Fitzpatrick","employee_salary":385750,"employee_age":19,"profile_image":""},{"id":16,"employee_name":"Michael Silva","employee_salary":198500,"employee_age":66,"profile_image":""},{"id":17,"employee_name":"Paul Byrd","employee_salary":725000,"employee_age":64,"profile_image":""},{"id":18,"employee_name":"Gloria Little","employee_salary":237500,"employee_age":59,"profile_image":""},{"id":19,"employee_name":"Bradley Greer","employee_salary":132000,"employee_age":41,"profile_image":""},{"id":20,"employee_name":"Dai Rios","employee_salary":217500,"employee_age":35,"profile_image":""},{"id":21,"employee_name":"Jenette Caldwell","employee_salary":345000,"employee_age":30,"profile_image":""},{"id":22,"employee_name":"Yuri Berry","employee_salary":675000,"employee_age":40,"profile_image":""},{"id":23,"employee_name":"Caesar Vance","employee_salary":106450,"employee_age":21,"profile_image":""},{"id":24,"employee_name":"Doris Wilder","employee_salary":85600,"employee_age":23,"profile_image":""}],"message":"Successfully! All records has been fetched."}
2021-05-13 16:17:11 INFO  EmployeesRestAPI:19 - ******************* @@@ TC001_Get_All_Employees ********************
2021-05-13 16:17:20 INFO  EmployeesRestAPI:32 - ***********  Checking Respose Body **********
2021-05-13 16:17:20 INFO  EmployeesRestAPI:34 - Response body is---> {"status":"success","data":[{"id":1,"employee_name":"Tiger Nixon","employee_salary":320800,"employee_age":61,"profile_image":""},{"id":2,"employee_name":"Garrett Winters","employee_salary":170750,"employee_age":63,"profile_image":""},{"id":3,"employee_name":"Ashton Cox","employee_salary":86000,"employee_age":66,"profile_image":""},{"id":4,"employee_name":"Cedric Kelly","employee_salary":433060,"employee_age":22,"profile_image":""},{"id":5,"employee_name":"Airi Satou","employee_salary":162700,"employee_age":33,"profile_image":""},{"id":6,"employee_name":"Brielle Williamson","employee_salary":372000,"employee_age":61,"profile_image":""},{"id":7,"employee_name":"Herrod Chandler","employee_salary":137500,"employee_age":59,"profile_image":""},{"id":8,"employee_name":"Rhona Davidson","employee_salary":327900,"employee_age":55,"profile_image":""},{"id":9,"employee_name":"Colleen Hurst","employee_salary":205500,"employee_age":39,"profile_image":""},{"id":10,"employee_name":"Sonya Frost","employee_salary":103600,"employee_age":23,"profile_image":""},{"id":11,"employee_name":"Jena Gaines","employee_salary":90560,"employee_age":30,"profile_image":""},{"id":12,"employee_name":"Quinn Flynn","employee_salary":342000,"employee_age":22,"profile_image":""},{"id":13,"employee_name":"Charde Marshall","employee_salary":470600,"employee_age":36,"profile_image":""},{"id":14,"employee_name":"Haley Kennedy","employee_salary":313500,"employee_age":43,"profile_image":""},{"id":15,"employee_name":"Tatyana Fitzpatrick","employee_salary":385750,"employee_age":19,"profile_image":""},{"id":16,"employee_name":"Michael Silva","employee_salary":198500,"employee_age":66,"profile_image":""},{"id":17,"employee_name":"Paul Byrd","employee_salary":725000,"employee_age":64,"profile_image":""},{"id":18,"employee_name":"Gloria Little","employee_salary":237500,"employee_age":59,"profile_image":""},{"id":19,"employee_name":"Bradley Greer","employee_salary":132000,"employee_age":41,"profile_image":""},{"id":20,"employee_name":"Dai Rios","employee_salary":217500,"employee_age":35,"profile_image":""},{"id":21,"employee_name":"Jenette Caldwell","employee_salary":345000,"employee_age":30,"profile_image":""},{"id":22,"employee_name":"Yuri Berry","employee_salary":675000,"employee_age":40,"profile_image":""},{"id":23,"employee_name":"Caesar Vance","employee_salary":106450,"employee_age":21,"profile_image":""},{"id":24,"employee_name":"Doris Wilder","employee_salary":85600,"employee_age":23,"profile_image":""}],"message":"Successfully! All records has been fetched."}
2021-05-13 16:17:33 INFO  EmployeesRestAPI:19 - ******************* @@@ TC001_Get_All_Employees ********************
2021-05-13 16:17:42 INFO  EmployeesRestAPI:32 - ***********  Checking Respose Body **********
2021-05-13 16:17:42 INFO  EmployeesRestAPI:34 - Response body is---> {"status":"success","data":[{"id":1,"employee_name":"Tiger Nixon","employee_salary":320800,"employee_age":61,"profile_image":""},{"id":2,"employee_name":"Garrett Winters","employee_salary":170750,"employee_age":63,"profile_image":""},{"id":3,"employee_name":"Ashton Cox","employee_salary":86000,"employee_age":66,"profile_image":""},{"id":4,"employee_name":"Cedric Kelly","employee_salary":433060,"employee_age":22,"profile_image":""},{"id":5,"employee_name":"Airi Satou","employee_salary":162700,"employee_age":33,"profile_image":""},{"id":6,"employee_name":"Brielle Williamson","employee_salary":372000,"employee_age":61,"profile_image":""},{"id":7,"employee_name":"Herrod Chandler","employee_salary":137500,"employee_age":59,"profile_image":""},{"id":8,"employee_name":"Rhona Davidson","employee_salary":327900,"employee_age":55,"profile_image":""},{"id":9,"employee_name":"Colleen Hurst","employee_salary":205500,"employee_age":39,"profile_image":""},{"id":10,"employee_name":"Sonya Frost","employee_salary":103600,"employee_age":23,"profile_image":""},{"id":11,"employee_name":"Jena Gaines","employee_salary":90560,"employee_age":30,"profile_image":""},{"id":12,"employee_name":"Quinn Flynn","employee_salary":342000,"employee_age":22,"profile_image":""},{"id":13,"employee_name":"Charde Marshall","employee_salary":470600,"employee_age":36,"profile_image":""},{"id":14,"employee_name":"Haley Kennedy","employee_salary":313500,"employee_age":43,"profile_image":""},{"id":15,"employee_name":"Tatyana Fitzpatrick","employee_salary":385750,"employee_age":19,"profile_image":""},{"id":16,"employee_name":"Michael Silva","employee_salary":198500,"employee_age":66,"profile_image":""},{"id":17,"employee_name":"Paul Byrd","employee_salary":725000,"employee_age":64,"profile_image":""},{"id":18,"employee_name":"Gloria Little","employee_salary":237500,"employee_age":59,"profile_image":""},{"id":19,"employee_name":"Bradley Greer","employee_salary":132000,"employee_age":41,"profile_image":""},{"id":20,"employee_name":"Dai Rios","employee_salary":217500,"employee_age":35,"profile_image":""},{"id":21,"employee_name":"Jenette Caldwell","employee_salary":345000,"employee_age":30,"profile_image":""},{"id":22,"employee_name":"Yuri Berry","employee_salary":675000,"employee_age":40,"profile_image":""},{"id":23,"employee_name":"Caesar Vance","employee_salary":106450,"employee_age":21,"profile_image":""},{"id":24,"employee_name":"Doris Wilder","employee_salary":85600,"employee_age":23,"profile_image":""}],"message":"Successfully! All records has been fetched."}
2021-05-13 16:27:15 INFO  EmployeesRestAPI:19 - ******************* Started TC001_Get_All_Employees ********************
2021-05-13 16:27:23 INFO  EmployeesRestAPI:32 - ***********  Checking Respose Body **********
2021-05-13 16:27:23 INFO  EmployeesRestAPI:34 - Response body is---> {"status":"success","data":[{"id":1,"employee_name":"Tiger Nixon","employee_salary":320800,"employee_age":61,"profile_image":""},{"id":2,"employee_name":"Garrett Winters","employee_salary":170750,"employee_age":63,"profile_image":""},{"id":3,"employee_name":"Ashton Cox","employee_salary":86000,"employee_age":66,"profile_image":""},{"id":4,"employee_name":"Cedric Kelly","employee_salary":433060,"employee_age":22,"profile_image":""},{"id":5,"employee_name":"Airi Satou","employee_salary":162700,"employee_age":33,"profile_image":""},{"id":6,"employee_name":"Brielle Williamson","employee_salary":372000,"employee_age":61,"profile_image":""},{"id":7,"employee_name":"Herrod Chandler","employee_salary":137500,"employee_age":59,"profile_image":""},{"id":8,"employee_name":"Rhona Davidson","employee_salary":327900,"employee_age":55,"profile_image":""},{"id":9,"employee_name":"Colleen Hurst","employee_salary":205500,"employee_age":39,"profile_image":""},{"id":10,"employee_name":"Sonya Frost","employee_salary":103600,"employee_age":23,"profile_image":""},{"id":11,"employee_name":"Jena Gaines","employee_salary":90560,"employee_age":30,"profile_image":""},{"id":12,"employee_name":"Quinn Flynn","employee_salary":342000,"employee_age":22,"profile_image":""},{"id":13,"employee_name":"Charde Marshall","employee_salary":470600,"employee_age":36,"profile_image":""},{"id":14,"employee_name":"Haley Kennedy","employee_salary":313500,"employee_age":43,"profile_image":""},{"id":15,"employee_name":"Tatyana Fitzpatrick","employee_salary":385750,"employee_age":19,"profile_image":""},{"id":16,"employee_name":"Michael Silva","employee_salary":198500,"employee_age":66,"profile_image":""},{"id":17,"employee_name":"Paul Byrd","employee_salary":725000,"employee_age":64,"profile_image":""},{"id":18,"employee_name":"Gloria Little","employee_salary":237500,"employee_age":59,"profile_image":""},{"id":19,"employee_name":"Bradley Greer","employee_salary":132000,"employee_age":41,"profile_image":""},{"id":20,"employee_name":"Dai Rios","employee_salary":217500,"employee_age":35,"profile_image":""},{"id":21,"employee_name":"Jenette Caldwell","employee_salary":345000,"employee_age":30,"profile_image":""},{"id":22,"employee_name":"Yuri Berry","employee_salary":675000,"employee_age":40,"profile_image":""},{"id":23,"employee_name":"Caesar Vance","employee_salary":106450,"employee_age":21,"profile_image":""},{"id":24,"employee_name":"Doris Wilder","employee_salary":85600,"employee_age":23,"profile_image":""}],"message":"Successfully! All records has been fetched."}
2021-05-13 16:27:23 INFO  EmployeesRestAPI:42 - ***********  Checking Respose Status **********
2021-05-13 16:27:23 INFO  EmployeesRestAPI:44 - Status code is --> 200
2021-05-13 16:31:20 INFO  EmployeesRestAPI:19 - ******************* Started TC001_Get_All_Employees ********************
2021-05-13 16:31:29 INFO  EmployeesRestAPI:51 - ***********  Checking Respose Time **********
2021-05-13 16:31:29 INFO  EmployeesRestAPI:53 - Response Time is --> 1818
2021-05-13 16:31:29 INFO  EmployeesRestAPI:32 - ***********  Checking Respose Body **********
2021-05-13 16:31:29 INFO  EmployeesRestAPI:34 - Response body is---> {"status":"success","data":[{"id":1,"employee_name":"Tiger Nixon","employee_salary":320800,"employee_age":61,"profile_image":""},{"id":2,"employee_name":"Garrett Winters","employee_salary":170750,"employee_age":63,"profile_image":""},{"id":3,"employee_name":"Ashton Cox","employee_salary":86000,"employee_age":66,"profile_image":""},{"id":4,"employee_name":"Cedric Kelly","employee_salary":433060,"employee_age":22,"profile_image":""},{"id":5,"employee_name":"Airi Satou","employee_salary":162700,"employee_age":33,"profile_image":""},{"id":6,"employee_name":"Brielle Williamson","employee_salary":372000,"employee_age":61,"profile_image":""},{"id":7,"employee_name":"Herrod Chandler","employee_salary":137500,"employee_age":59,"profile_image":""},{"id":8,"employee_name":"Rhona Davidson","employee_salary":327900,"employee_age":55,"profile_image":""},{"id":9,"employee_name":"Colleen Hurst","employee_salary":205500,"employee_age":39,"profile_image":""},{"id":10,"employee_name":"Sonya Frost","employee_salary":103600,"employee_age":23,"profile_image":""},{"id":11,"employee_name":"Jena Gaines","employee_salary":90560,"employee_age":30,"profile_image":""},{"id":12,"employee_name":"Quinn Flynn","employee_salary":342000,"employee_age":22,"profile_image":""},{"id":13,"employee_name":"Charde Marshall","employee_salary":470600,"employee_age":36,"profile_image":""},{"id":14,"employee_name":"Haley Kennedy","employee_salary":313500,"employee_age":43,"profile_image":""},{"id":15,"employee_name":"Tatyana Fitzpatrick","employee_salary":385750,"employee_age":19,"profile_image":""},{"id":16,"employee_name":"Michael Silva","employee_salary":198500,"employee_age":66,"profile_image":""},{"id":17,"employee_name":"Paul Byrd","employee_salary":725000,"employee_age":64,"profile_image":""},{"id":18,"employee_name":"Gloria Little","employee_salary":237500,"employee_age":59,"profile_image":""},{"id":19,"employee_name":"Bradley Greer","employee_salary":132000,"employee_age":41,"profile_image":""},{"id":20,"employee_name":"Dai Rios","employee_salary":217500,"employee_age":35,"profile_image":""},{"id":21,"employee_name":"Jenette Caldwell","employee_salary":345000,"employee_age":30,"profile_image":""},{"id":22,"employee_name":"Yuri Berry","employee_salary":675000,"employee_age":40,"profile_image":""},{"id":23,"employee_name":"Caesar Vance","employee_salary":106450,"employee_age":21,"profile_image":""},{"id":24,"employee_name":"Doris Wilder","employee_salary":85600,"employee_age":23,"profile_image":""}],"message":"Successfully! All records has been fetched."}
2021-05-13 16:31:29 INFO  EmployeesRestAPI:42 - ***********  Checking Respose Status **********
2021-05-13 16:31:29 INFO  EmployeesRestAPI:44 - Status code is --> 200
2021-05-13 16:32:08 INFO  EmployeesRestAPI:19 - ******************* Started TC001_Get_All_Employees ********************
2021-05-13 16:32:16 INFO  EmployeesRestAPI:51 - ***********  Checking Respose Time **********
2021-05-13 16:32:16 INFO  EmployeesRestAPI:53 - Response Time is --> 1634
2021-05-13 16:32:16 INFO  EmployeesRestAPI:32 - ***********  Checking Respose Body **********
2021-05-13 16:32:17 INFO  EmployeesRestAPI:34 - Response body is---> {"status":"success","data":[{"id":1,"employee_name":"Tiger Nixon","employee_salary":320800,"employee_age":61,"profile_image":""},{"id":2,"employee_name":"Garrett Winters","employee_salary":170750,"employee_age":63,"profile_image":""},{"id":3,"employee_name":"Ashton Cox","employee_salary":86000,"employee_age":66,"profile_image":""},{"id":4,"employee_name":"Cedric Kelly","employee_salary":433060,"employee_age":22,"profile_image":""},{"id":5,"employee_name":"Airi Satou","employee_salary":162700,"employee_age":33,"profile_image":""},{"id":6,"employee_name":"Brielle Williamson","employee_salary":372000,"employee_age":61,"profile_image":""},{"id":7,"employee_name":"Herrod Chandler","employee_salary":137500,"employee_age":59,"profile_image":""},{"id":8,"employee_name":"Rhona Davidson","employee_salary":327900,"employee_age":55,"profile_image":""},{"id":9,"employee_name":"Colleen Hurst","employee_salary":205500,"employee_age":39,"profile_image":""},{"id":10,"employee_name":"Sonya Frost","employee_salary":103600,"employee_age":23,"profile_image":""},{"id":11,"employee_name":"Jena Gaines","employee_salary":90560,"employee_age":30,"profile_image":""},{"id":12,"employee_name":"Quinn Flynn","employee_salary":342000,"employee_age":22,"profile_image":""},{"id":13,"employee_name":"Charde Marshall","employee_salary":470600,"employee_age":36,"profile_image":""},{"id":14,"employee_name":"Haley Kennedy","employee_salary":313500,"employee_age":43,"profile_image":""},{"id":15,"employee_name":"Tatyana Fitzpatrick","employee_salary":385750,"employee_age":19,"profile_image":""},{"id":16,"employee_name":"Michael Silva","employee_salary":198500,"employee_age":66,"profile_image":""},{"id":17,"employee_name":"Paul Byrd","employee_salary":725000,"employee_age":64,"profile_image":""},{"id":18,"employee_name":"Gloria Little","employee_salary":237500,"employee_age":59,"profile_image":""},{"id":19,"employee_name":"Bradley Greer","employee_salary":132000,"employee_age":41,"profile_image":""},{"id":20,"employee_name":"Dai Rios","employee_salary":217500,"employee_age":35,"profile_image":""},{"id":21,"employee_name":"Jenette Caldwell","employee_salary":345000,"employee_age":30,"profile_image":""},{"id":22,"employee_name":"Yuri Berry","employee_salary":675000,"employee_age":40,"profile_image":""},{"id":23,"employee_name":"Caesar Vance","employee_salary":106450,"employee_age":21,"profile_image":""},{"id":24,"employee_name":"Doris Wilder","employee_salary":85600,"employee_age":23,"profile_image":""}],"message":"Successfully! All records has been fetched."}
2021-05-13 16:32:17 INFO  EmployeesRestAPI:42 - ***********  Checking Respose Status **********
2021-05-13 16:32:17 INFO  EmployeesRestAPI:44 - Status code is --> 200
2021-05-13 16:38:00 INFO  EmployeesRestAPI:19 - ******************* Started TC001_Get_All_Employees ********************
2021-05-13 16:38:09 INFO  EmployeesRestAPI:76 - ***********  Checking Content Type **********
2021-05-13 16:38:09 INFO  EmployeesRestAPI:79 - Content type is ==>text/html; charset=UTF-8
2021-05-13 16:38:09 INFO  EmployeesRestAPI:51 - ***********  Checking Respose Time **********
2021-05-13 16:38:09 INFO  EmployeesRestAPI:53 - Response Time is --> 1889
2021-05-13 16:38:09 INFO  EmployeesRestAPI:32 - ***********  Checking Respose Body **********
2021-05-13 16:38:09 INFO  EmployeesRestAPI:34 - Response body is---> <!DOCTYPE html>
<html lang="en">
    <head>
        <meta charset="utf-8">
        <meta name="viewport" content="width=device-width, initial-scale=1">

        <title>Too Many Requests</title>

        <!-- Fonts -->
        <link rel="dns-prefetch" href="//fonts.gstatic.com">
        <link href="https://fonts.googleapis.com/css?family=Nunito" rel="stylesheet">

        <!-- Styles -->
        <style>
            html, body {
                background-color: #fff;
                color: #636b6f;
                font-family: 'Nunito', sans-serif;
                font-weight: 100;
                height: 100vh;
                margin: 0;
            }

            .full-height {
                height: 100vh;
            }

            .flex-center {
                align-items: center;
                display: flex;
                justify-content: center;
            }

            .position-ref {
                position: relative;
            }

            .code {
                border-right: 2px solid;
                font-size: 26px;
                padding: 0 15px 0 15px;
                text-align: center;
            }

            .message {
                font-size: 18px;
                text-align: center;
            }
        </style>
    </head>
    <body>
        <div class="flex-center position-ref full-height">
            <div class="code">
                429            </div>

            <div class="message" style="padding: 10px;">
                Too Many Requests            </div>
        </div>
    </body>
</html>

2021-05-13 16:38:09 INFO  EmployeesRestAPI:42 - ***********  Checking Respose Status **********
2021-05-13 16:38:09 INFO  EmployeesRestAPI:44 - Status code is --> 429
2021-05-13 16:38:09 INFO  EmployeesRestAPI:65 - ***********  Checking Status Line **********
2021-05-13 16:38:09 INFO  EmployeesRestAPI:68 - Status Line is ==>HTTP/1.1 429 Too Many Requests
2021-05-13 16:39:06 INFO  EmployeesRestAPI:19 - ******************* Started TC001_Get_All_Employees ********************
2021-05-13 16:39:15 INFO  EmployeesRestAPI:76 - ***********  Checking Content Type **********
2021-05-13 16:39:15 INFO  EmployeesRestAPI:79 - Content type is ==>application/json
2021-05-13 16:39:15 INFO  EmployeesRestAPI:51 - ***********  Checking Respose Time **********
2021-05-13 16:39:15 INFO  EmployeesRestAPI:53 - Response Time is --> 1923
2021-05-13 16:39:15 INFO  EmployeesRestAPI:32 - ***********  Checking Respose Body **********
2021-05-13 16:39:15 INFO  EmployeesRestAPI:34 - Response body is---> {"status":"success","data":[{"id":1,"employee_name":"Tiger Nixon","employee_salary":320800,"employee_age":61,"profile_image":""},{"id":2,"employee_name":"Garrett Winters","employee_salary":170750,"employee_age":63,"profile_image":""},{"id":3,"employee_name":"Ashton Cox","employee_salary":86000,"employee_age":66,"profile_image":""},{"id":4,"employee_name":"Cedric Kelly","employee_salary":433060,"employee_age":22,"profile_image":""},{"id":5,"employee_name":"Airi Satou","employee_salary":162700,"employee_age":33,"profile_image":""},{"id":6,"employee_name":"Brielle Williamson","employee_salary":372000,"employee_age":61,"profile_image":""},{"id":7,"employee_name":"Herrod Chandler","employee_salary":137500,"employee_age":59,"profile_image":""},{"id":8,"employee_name":"Rhona Davidson","employee_salary":327900,"employee_age":55,"profile_image":""},{"id":9,"employee_name":"Colleen Hurst","employee_salary":205500,"employee_age":39,"profile_image":""},{"id":10,"employee_name":"Sonya Frost","employee_salary":103600,"employee_age":23,"profile_image":""},{"id":11,"employee_name":"Jena Gaines","employee_salary":90560,"employee_age":30,"profile_image":""},{"id":12,"employee_name":"Quinn Flynn","employee_salary":342000,"employee_age":22,"profile_image":""},{"id":13,"employee_name":"Charde Marshall","employee_salary":470600,"employee_age":36,"profile_image":""},{"id":14,"employee_name":"Haley Kennedy","employee_salary":313500,"employee_age":43,"profile_image":""},{"id":15,"employee_name":"Tatyana Fitzpatrick","employee_salary":385750,"employee_age":19,"profile_image":""},{"id":16,"employee_name":"Michael Silva","employee_salary":198500,"employee_age":66,"profile_image":""},{"id":17,"employee_name":"Paul Byrd","employee_salary":725000,"employee_age":64,"profile_image":""},{"id":18,"employee_name":"Gloria Little","employee_salary":237500,"employee_age":59,"profile_image":""},{"id":19,"employee_name":"Bradley Greer","employee_salary":132000,"employee_age":41,"profile_image":""},{"id":20,"employee_name":"Dai Rios","employee_salary":217500,"employee_age":35,"profile_image":""},{"id":21,"employee_name":"Jenette Caldwell","employee_salary":345000,"employee_age":30,"profile_image":""},{"id":22,"employee_name":"Yuri Berry","employee_salary":675000,"employee_age":40,"profile_image":""},{"id":23,"employee_name":"Caesar Vance","employee_salary":106450,"employee_age":21,"profile_image":""},{"id":24,"employee_name":"Doris Wilder","employee_salary":85600,"employee_age":23,"profile_image":""}],"message":"Successfully! All records has been fetched."}
2021-05-13 16:39:15 INFO  EmployeesRestAPI:42 - ***********  Checking Respose Status **********
2021-05-13 16:39:15 INFO  EmployeesRestAPI:44 - Status code is --> 200
2021-05-13 16:39:15 INFO  EmployeesRestAPI:65 - ***********  Checking Status Line **********
2021-05-13 16:39:15 INFO  EmployeesRestAPI:68 - Status Line is ==>HTTP/1.1 200 OK
2021-05-13 16:52:24 INFO  EmployeesRestAPI:16 - ******************* Started TC001_Get_All_Employees ********************
2021-05-13 16:52:32 INFO  EmployeesRestAPI:75 - ***********  Checking Content Type **********
2021-05-13 16:52:32 INFO  EmployeesRestAPI:78 - Content type is ==>application/json
2021-05-13 16:52:32 INFO  EmployeesRestAPI:50 - ***********  Checking Respose Time **********
2021-05-13 16:52:32 INFO  EmployeesRestAPI:52 - Response Time is --> 1873
2021-05-13 16:52:32 INFO  EmployeesRestAPI:29 - ***********  Checking Respose Body **********
2021-05-13 16:52:32 INFO  EmployeesRestAPI:31 - Response body is---> {"status":"success","data":[{"id":1,"employee_name":"Tiger Nixon","employee_salary":320800,"employee_age":61,"profile_image":""},{"id":2,"employee_name":"Garrett Winters","employee_salary":170750,"employee_age":63,"profile_image":""},{"id":3,"employee_name":"Ashton Cox","employee_salary":86000,"employee_age":66,"profile_image":""},{"id":4,"employee_name":"Cedric Kelly","employee_salary":433060,"employee_age":22,"profile_image":""},{"id":5,"employee_name":"Airi Satou","employee_salary":162700,"employee_age":33,"profile_image":""},{"id":6,"employee_name":"Brielle Williamson","employee_salary":372000,"employee_age":61,"profile_image":""},{"id":7,"employee_name":"Herrod Chandler","employee_salary":137500,"employee_age":59,"profile_image":""},{"id":8,"employee_name":"Rhona Davidson","employee_salary":327900,"employee_age":55,"profile_image":""},{"id":9,"employee_name":"Colleen Hurst","employee_salary":205500,"employee_age":39,"profile_image":""},{"id":10,"employee_name":"Sonya Frost","employee_salary":103600,"employee_age":23,"profile_image":""},{"id":11,"employee_name":"Jena Gaines","employee_salary":90560,"employee_age":30,"profile_image":""},{"id":12,"employee_name":"Quinn Flynn","employee_salary":342000,"employee_age":22,"profile_image":""},{"id":13,"employee_name":"Charde Marshall","employee_salary":470600,"employee_age":36,"profile_image":""},{"id":14,"employee_name":"Haley Kennedy","employee_salary":313500,"employee_age":43,"profile_image":""},{"id":15,"employee_name":"Tatyana Fitzpatrick","employee_salary":385750,"employee_age":19,"profile_image":""},{"id":16,"employee_name":"Michael Silva","employee_salary":198500,"employee_age":66,"profile_image":""},{"id":17,"employee_name":"Paul Byrd","employee_salary":725000,"employee_age":64,"profile_image":""},{"id":18,"employee_name":"Gloria Little","employee_salary":237500,"employee_age":59,"profile_image":""},{"id":19,"employee_name":"Bradley Greer","employee_salary":132000,"employee_age":41,"profile_image":""},{"id":20,"employee_name":"Dai Rios","employee_salary":217500,"employee_age":35,"profile_image":""},{"id":21,"employee_name":"Jenette Caldwell","employee_salary":345000,"employee_age":30,"profile_image":""},{"id":22,"employee_name":"Yuri Berry","employee_salary":675000,"employee_age":40,"profile_image":""},{"id":23,"employee_name":"Caesar Vance","employee_salary":106450,"employee_age":21,"profile_image":""},{"id":24,"employee_name":"Doris Wilder","employee_salary":85600,"employee_age":23,"profile_image":""}],"message":"Successfully! All records has been fetched."}
2021-05-13 16:52:32 INFO  EmployeesRestAPI:40 - ***********  Checking Respose Status **********
2021-05-13 16:52:32 INFO  EmployeesRestAPI:42 - Status code is --> 200
2021-05-13 16:52:32 INFO  EmployeesRestAPI:96 - ***********  Checking Content Encoding**********
2021-05-13 16:52:32 INFO  EmployeesRestAPI:99 - Content Encoding is==>gzip
2021-05-13 16:52:32 INFO  EmployeesRestAPI:63 - ***********  Checking Status Line **********
2021-05-13 16:52:32 INFO  EmployeesRestAPI:66 - Status Line is ==>HTTP/1.1 200 OK
2021-05-13 16:52:32 INFO  EmployeesRestAPI:131 - *********  Finished TC001_Get_All_Employees **********
2021-05-13 17:22:33 INFO  EmployeesRestAPI:18 - *********11 Started TC002_Get_Single_Employee_Record **********
2021-05-13 17:22:42 INFO  EmployeesRestAPI:30 - ***********  Checking Respose Body **********
2021-05-13 17:22:42 INFO  EmployeesRestAPI:39 - ***********  Checking Status Code **********
2021-05-13 17:22:42 INFO  EmployeesRestAPI:49 - *********  Finished TC002_Get_Single_User_Record **********
2021-05-13 17:23:25 INFO  EmployeesRestAPI:18 - *********11 Started TC002_Get_Single_Employee_Record **********
2021-05-13 17:23:34 INFO  EmployeesRestAPI:30 - ***********  Checking Respose Body **********
2021-05-13 17:23:34 INFO  EmployeesRestAPI:39 - ***********  Checking Status Code **********
2021-05-13 17:23:34 INFO  EmployeesRestAPI:49 - *********  Finished TC002_Get_Single_User_Record **********
2021-05-13 17:26:40 INFO  EmployeesRestAPI:18 - *********11 Started TC002_Get_Single_Employee_Record **********
2021-05-13 17:26:49 INFO  EmployeesRestAPI:30 - ***********  Checking Respose Body **********
2021-05-13 17:26:49 INFO  EmployeesRestAPI:39 - ***********  Checking Status Code **********
2021-05-13 17:26:49 INFO  EmployeesRestAPI:49 - *********  Finished TC002_Get_Single_User_Record **********
2021-05-13 17:46:28 INFO  EmployeesRestAPI:18 - *********11 Started TC002_Get_Single_Employee_Record **********
2021-05-13 17:46:38 INFO  EmployeesRestAPI:30 - ***********  Checking Respose Body **********
2021-05-13 17:46:38 INFO  EmployeesRestAPI:39 - ***********  Checking Status Code **********
2021-05-13 17:46:38 INFO  EmployeesRestAPI:49 - *********  Finished TC002_Get_Single_User_Record **********
2021-05-13 18:31:36 INFO  EmployeesRestAPI:54 - ***********  Checking Respose Body **********
2021-05-13 18:33:15 INFO  EmployeesRestAPI:26 - *********Started TC003_Post_Employee_Record **********
2021-05-13 18:33:22 INFO  EmployeesRestAPI:58 - ***********  Checking Respose Body **********
2021-05-13 18:34:00 INFO  EmployeesRestAPI:26 - *********Started TC003_Post_Employee_Record **********
2021-05-13 18:34:08 INFO  EmployeesRestAPI:58 - ***********  Checking Respose Body **********
2021-05-13 18:36:38 INFO  EmployeesRestAPI:27 - *********Started TC003_Post_Employee_Record **********
2021-05-13 18:36:45 INFO  EmployeesRestAPI:59 - ***********  Checking Respose Body **********
2021-05-13 18:36:45 INFO  EmployeesRestAPI:73 - ***********  Checking Respose Status **********
2021-05-13 18:36:45 INFO  EmployeesRestAPI:75 - Status code is --> 201
2021-05-13 18:36:45 INFO  EmployeesRestAPI:83 - *********  Finished TC001_Get_All_Employees **********
2021-05-13 18:38:50 INFO  EmployeesRestAPI:27 - *********Started TC003_Post_Employee_Record **********
2021-05-13 18:38:58 INFO  EmployeesRestAPI:59 - ***********  Checking Respose Body **********
2021-05-13 18:38:58 INFO  EmployeesRestAPI:73 - ***********  Checking Respose Status **********
2021-05-13 18:38:58 INFO  EmployeesRestAPI:75 - Status code is --> 201
2021-05-13 18:38:58 INFO  EmployeesRestAPI:83 - *********  Finished TC001_Get_All_Employees **********
2021-05-13 19:17:23 INFO  EmployeesRestAPI:26 - *********Started TC003_Post_Employee_Record **********
2021-05-13 19:17:31 INFO  EmployeesRestAPI:58 - ***********  Checking Respose Body **********
2021-05-13 19:17:31 INFO  EmployeesRestAPI:72 - ***********  Checking Respose Status **********
2021-05-13 19:17:31 INFO  EmployeesRestAPI:74 - Status code is --> 404
2021-05-13 19:17:31 INFO  EmployeesRestAPI:82 - *********  Finished TC001_Get_All_Employees **********
2021-05-13 19:18:33 INFO  EmployeesRestAPI:27 - *********Started TC003_Post_Employee_Record **********
2021-05-13 19:18:41 INFO  EmployeesRestAPI:59 - ***********  Checking Respose Body **********
2021-05-13 19:18:41 INFO  EmployeesRestAPI:73 - ***********  Checking Respose Status **********
2021-05-13 19:18:41 INFO  EmployeesRestAPI:75 - Status code is --> 201
2021-05-13 19:18:41 INFO  EmployeesRestAPI:83 - *********  Finished TC001_Get_All_Employees **********
2021-05-13 19:19:52 INFO  EmployeesRestAPI:26 - *********Started TC003_Post_Employee_Record **********
2021-05-13 19:20:00 INFO  EmployeesRestAPI:58 - ***********  Checking Respose Body **********
2021-05-13 19:20:00 INFO  EmployeesRestAPI:72 - ***********  Checking Respose Status **********
2021-05-13 19:20:00 INFO  EmployeesRestAPI:74 - Status code is --> 404
2021-05-13 19:20:00 INFO  EmployeesRestAPI:82 - *********  Finished TC001_Get_All_Employees **********
2021-05-13 19:22:21 INFO  EmployeesRestAPI:26 - *********Started TC003_Post_Employee_Record **********
2021-05-13 19:22:29 INFO  EmployeesRestAPI:58 - ***********  Checking Respose Body **********
2021-05-13 19:22:29 INFO  EmployeesRestAPI:72 - ***********  Checking Respose Status **********
2021-05-13 19:22:29 INFO  EmployeesRestAPI:74 - Status code is --> 404
2021-05-13 19:22:29 INFO  EmployeesRestAPI:82 - *********  Finished TC001_Get_All_Employees **********
2021-05-13 19:28:38 INFO  EmployeesRestAPI:18 - *********11 Started TC002_Get_Single_Employee_Record **********
2021-05-13 19:28:47 INFO  EmployeesRestAPI:30 - ***********  Checking Respose Body **********
2021-05-13 19:28:47 INFO  EmployeesRestAPI:39 - ***********  Checking Status Code **********
2021-05-13 19:28:47 INFO  EmployeesRestAPI:49 - *********  Finished TC002_Get_Single_User_Record **********
2021-05-13 19:33:28 INFO  EmployeesRestAPI:26 - *********Started TC003_Post_Employee_Record **********
2021-05-13 19:33:36 INFO  EmployeesRestAPI:58 - ***********  Checking Respose Body **********
2021-05-13 19:33:36 INFO  EmployeesRestAPI:72 - ***********  Checking Respose Status **********
2021-05-13 19:33:36 INFO  EmployeesRestAPI:74 - Status code is --> 200
2021-05-13 19:33:36 INFO  EmployeesRestAPI:82 - *********  Finished TC001_Get_All_Employees **********
2021-05-13 19:35:48 INFO  EmployeesRestAPI:26 - *********Started TC003_Post_Employee_Record **********
2021-05-13 19:35:55 INFO  EmployeesRestAPI:58 - ***********  Checking Respose Body **********
2021-05-13 19:35:55 INFO  EmployeesRestAPI:72 - ***********  Checking Respose Status **********
2021-05-13 19:35:55 INFO  EmployeesRestAPI:74 - Status code is --> 200
2021-05-13 19:35:55 INFO  EmployeesRestAPI:82 - *********  Finished TC001_Get_All_Employees **********
2021-05-13 19:36:29 INFO  EmployeesRestAPI:26 - *********Started TC003_Post_Employee_Record **********
2021-05-13 19:36:37 INFO  EmployeesRestAPI:58 - ***********  Checking Respose Body **********
2021-05-13 19:36:37 INFO  EmployeesRestAPI:72 - ***********  Checking Respose Status **********
2021-05-13 19:36:37 INFO  EmployeesRestAPI:74 - Status code is --> 200
2021-05-13 19:36:37 INFO  EmployeesRestAPI:82 - *********  Finished TC001_Get_All_Employees **********
2021-05-13 19:38:02 INFO  EmployeesRestAPI:26 - *********Started TC003_Post_Employee_Record **********
2021-05-13 19:38:09 INFO  EmployeesRestAPI:58 - ***********  Checking Respose Body **********
2021-05-13 19:38:09 INFO  EmployeesRestAPI:72 - ***********  Checking Respose Status **********
2021-05-13 19:38:09 INFO  EmployeesRestAPI:74 - Status code is --> 404
2021-05-13 19:38:09 INFO  EmployeesRestAPI:82 - *********  Finished TC001_Get_All_Employees **********
2021-05-13 19:38:34 INFO  EmployeesRestAPI:26 - *********Started TC003_Post_Employee_Record **********
2021-05-13 19:38:41 INFO  EmployeesRestAPI:58 - ***********  Checking Respose Body **********
2021-05-13 19:38:41 INFO  EmployeesRestAPI:72 - ***********  Checking Respose Status **********
2021-05-13 19:38:41 INFO  EmployeesRestAPI:74 - Status code is --> 200
2021-05-13 19:38:41 INFO  EmployeesRestAPI:82 - *********  Finished TC001_Get_All_Employees **********
2021-05-13 22:59:33 INFO  EmployeesRestAPI:26 - *********Started TC003_Post_Employee_Record **********
2021-05-13 22:59:41 INFO  EmployeesRestAPI:58 - ***********  Checking Respose Body **********
2021-05-13 22:59:41 INFO  EmployeesRestAPI:72 - ***********  Checking Respose Status **********
2021-05-13 22:59:41 INFO  EmployeesRestAPI:74 - Status code is --> 200
2021-05-13 22:59:41 INFO  EmployeesRestAPI:82 - *********  Finished TC001_Get_All_Employees **********
2021-05-13 23:07:18 INFO  EmployeesRestAPI:26 - *********Started TC003_Post_Employee_Record **********
2021-05-13 23:07:25 INFO  EmployeesRestAPI:58 - ***********  Checking Respose Body **********
2021-05-13 23:07:25 INFO  EmployeesRestAPI:72 - ***********  Checking Respose Status **********
2021-05-13 23:07:25 INFO  EmployeesRestAPI:74 - Status code is --> 200
2021-05-13 23:07:25 INFO  EmployeesRestAPI:82 - *********  Finished TC001_Get_All_Employees **********
2021-05-13 23:14:58 INFO  EmployeesRestAPI:26 - *********Started TC003_Post_Employee_Record **********
2021-05-13 23:15:06 INFO  EmployeesRestAPI:59 - ***********  Checking Respose Body **********
2021-05-13 23:15:06 INFO  EmployeesRestAPI:73 - ***********  Checking Respose Status **********
2021-05-13 23:15:06 INFO  EmployeesRestAPI:75 - Status code is --> 200
2021-05-13 23:15:06 INFO  EmployeesRestAPI:83 - *********  Finished TC001_Get_All_Employees **********
2021-05-13 23:23:48 INFO  EmployeesRestAPI:26 - *********Started TC003_Post_Employee_Record **********
2021-05-13 23:23:55 INFO  EmployeesRestAPI:59 - ***********  Checking Respose Body **********
2021-05-13 23:23:55 INFO  EmployeesRestAPI:73 - ***********  Checking Respose Status **********
2021-05-13 23:23:55 INFO  EmployeesRestAPI:75 - Status code is --> 404
2021-05-13 23:23:55 INFO  EmployeesRestAPI:83 - *********  Finished TC001_Get_All_Employees **********
2021-05-13 23:25:27 INFO  EmployeesRestAPI:26 - *********Started TC003_Post_Employee_Record **********
2021-05-13 23:25:34 INFO  EmployeesRestAPI:59 - ***********  Checking Respose Body **********
2021-05-13 23:25:34 INFO  EmployeesRestAPI:73 - ***********  Checking Respose Status **********
2021-05-13 23:25:34 INFO  EmployeesRestAPI:75 - Status code is --> 404
2021-05-13 23:25:34 INFO  EmployeesRestAPI:83 - *********  Finished TC001_Get_All_Employees **********
2021-05-13 23:26:31 INFO  EmployeesRestAPI:26 - *********Started TC003_Post_Employee_Record **********
2021-05-13 23:26:38 INFO  EmployeesRestAPI:59 - ***********  Checking Respose Body **********
2021-05-13 23:26:38 INFO  EmployeesRestAPI:73 - ***********  Checking Respose Status **********
2021-05-13 23:26:38 INFO  EmployeesRestAPI:75 - Status code is --> 200
2021-05-13 23:26:38 INFO  EmployeesRestAPI:83 - *********  Finished TC001_Get_All_Employees **********
2021-05-13 23:29:43 INFO  EmployeesRestAPI:27 - *********Started TC003_Post_Employee_Record **********
2021-05-13 23:29:50 INFO  EmployeesRestAPI:59 - ***********  Checking Respose Body **********
2021-05-13 23:29:50 INFO  EmployeesRestAPI:73 - ***********  Checking Respose Status **********
2021-05-13 23:29:50 INFO  EmployeesRestAPI:75 - Status code is --> 500
2021-05-13 23:29:50 INFO  EmployeesRestAPI:83 - *********  Finished TC001_Get_All_Employees **********
2021-05-13 23:30:35 INFO  EmployeesRestAPI:27 - *********Started TC003_Post_Employee_Record **********
2021-05-13 23:30:42 INFO  EmployeesRestAPI:59 - ***********  Checking Respose Body **********
2021-05-13 23:30:42 INFO  EmployeesRestAPI:73 - ***********  Checking Respose Status **********
2021-05-13 23:30:42 INFO  EmployeesRestAPI:75 - Status code is --> 500
2021-05-13 23:30:42 INFO  EmployeesRestAPI:83 - *********  Finished TC003_Get_All_Employees **********
2021-05-13 23:33:05 INFO  EmployeesRestAPI:27 - *********Started TC003_Post_Employee_Record **********
2021-05-13 23:33:13 INFO  EmployeesRestAPI:59 - ***********  Checking Respose Body **********
2021-05-13 23:33:13 INFO  EmployeesRestAPI:73 - ***********  Checking Respose Status **********
2021-05-13 23:33:13 INFO  EmployeesRestAPI:75 - Status code is --> 500
2021-05-13 23:33:13 INFO  EmployeesRestAPI:83 - *********  Finished TC003_Get_All_Employees **********
2021-05-13 23:34:00 INFO  EmployeesRestAPI:27 - *********Started TC003_Post_Employee_Record **********
2021-05-13 23:34:08 INFO  EmployeesRestAPI:59 - ***********  Checking Respose Body **********
2021-05-13 23:34:08 INFO  EmployeesRestAPI:73 - ***********  Checking Respose Status **********
2021-05-13 23:34:08 INFO  EmployeesRestAPI:75 - Status code is --> 500
2021-05-13 23:34:08 INFO  EmployeesRestAPI:83 - *********  Finished TC003_Get_All_Employees **********
2021-05-13 23:36:32 INFO  EmployeesRestAPI:27 - *********Started TC003_Post_Employee_Record **********
2021-05-13 23:36:40 INFO  EmployeesRestAPI:59 - ***********  Checking Respose Body **********
2021-05-13 23:36:40 INFO  EmployeesRestAPI:73 - ***********  Checking Respose Status **********
2021-05-13 23:36:40 INFO  EmployeesRestAPI:75 - Status code is --> 500
2021-05-13 23:36:40 INFO  EmployeesRestAPI:83 - *********  Finished TC003_Get_All_Employees **********
2021-05-13 23:37:08 INFO  EmployeesRestAPI:27 - *********Started TC003_Post_Employee_Record **********
2021-05-13 23:37:15 INFO  EmployeesRestAPI:59 - ***********  Checking Respose Body **********
2021-05-13 23:37:15 INFO  EmployeesRestAPI:73 - ***********  Checking Respose Status **********
2021-05-13 23:37:15 INFO  EmployeesRestAPI:75 - Status code is --> 500
2021-05-13 23:37:15 INFO  EmployeesRestAPI:83 - *********  Finished TC003_Get_All_Employees **********
2021-05-13 23:38:44 INFO  EmployeesRestAPI:27 - *********Started TC003_Post_Employee_Record **********
2021-05-13 23:38:51 INFO  EmployeesRestAPI:59 - ***********  Checking Respose Body **********
2021-05-13 23:38:51 INFO  EmployeesRestAPI:73 - ***********  Checking Respose Status **********
2021-05-13 23:38:51 INFO  EmployeesRestAPI:75 - Status code is --> 201
2021-05-13 23:38:51 INFO  EmployeesRestAPI:83 - *********  Finished TC003_Get_All_Employees **********
2021-05-13 23:39:01 INFO  EmployeesRestAPI:27 - *********Started TC003_Post_Employee_Record **********
2021-05-13 23:39:08 INFO  EmployeesRestAPI:59 - ***********  Checking Respose Body **********
2021-05-13 23:39:08 INFO  EmployeesRestAPI:73 - ***********  Checking Respose Status **********
2021-05-13 23:39:08 INFO  EmployeesRestAPI:75 - Status code is --> 201
2021-05-13 23:39:08 INFO  EmployeesRestAPI:83 - *********  Finished TC003_Get_All_Employees **********
2021-05-13 23:39:58 INFO  EmployeesRestAPI:27 - *********Started TC003_Post_Employee_Record **********
2021-05-13 23:40:05 INFO  EmployeesRestAPI:59 - ***********  Checking Respose Body **********
2021-05-13 23:40:05 INFO  EmployeesRestAPI:73 - ***********  Checking Respose Status **********
2021-05-13 23:40:05 INFO  EmployeesRestAPI:75 - Status code is --> 201
2021-05-13 23:40:05 INFO  EmployeesRestAPI:83 - *********  Finished TC003_Get_All_Employees **********
2021-05-13 23:40:56 INFO  EmployeesRestAPI:26 - *********Started TC003_Post_Employee_Record **********
2021-05-13 23:41:04 INFO  EmployeesRestAPI:59 - ***********  Checking Respose Body **********
2021-05-13 23:41:04 INFO  EmployeesRestAPI:73 - ***********  Checking Respose Status **********
2021-05-13 23:41:04 INFO  EmployeesRestAPI:75 - Status code is --> 200
2021-05-13 23:41:04 INFO  EmployeesRestAPI:83 - *********  Finished TC004_Get_All_Employees **********
2021-05-13 23:41:49 INFO  EmployeesRestAPI:16 - ******************* Started TC001_Get_All_Employees ********************
2021-05-13 23:41:57 INFO  EmployeesRestAPI:75 - ***********  Checking Content Type **********
2021-05-13 23:41:57 INFO  EmployeesRestAPI:78 - Content type is ==>application/json
2021-05-13 23:41:57 INFO  EmployeesRestAPI:50 - ***********  Checking Respose Time **********
2021-05-13 23:41:57 INFO  EmployeesRestAPI:52 - Response Time is --> 1970
2021-05-13 23:41:57 INFO  EmployeesRestAPI:29 - ***********  Checking Respose Body **********
2021-05-13 23:41:57 INFO  EmployeesRestAPI:31 - Response body is---> {"status":"success","data":[{"id":1,"employee_name":"Tiger Nixon","employee_salary":320800,"employee_age":61,"profile_image":""},{"id":2,"employee_name":"Garrett Winters","employee_salary":170750,"employee_age":63,"profile_image":""},{"id":3,"employee_name":"Ashton Cox","employee_salary":86000,"employee_age":66,"profile_image":""},{"id":4,"employee_name":"Cedric Kelly","employee_salary":433060,"employee_age":22,"profile_image":""},{"id":5,"employee_name":"Airi Satou","employee_salary":162700,"employee_age":33,"profile_image":""},{"id":6,"employee_name":"Brielle Williamson","employee_salary":372000,"employee_age":61,"profile_image":""},{"id":7,"employee_name":"Herrod Chandler","employee_salary":137500,"employee_age":59,"profile_image":""},{"id":8,"employee_name":"Rhona Davidson","employee_salary":327900,"employee_age":55,"profile_image":""},{"id":9,"employee_name":"Colleen Hurst","employee_salary":205500,"employee_age":39,"profile_image":""},{"id":10,"employee_name":"Sonya Frost","employee_salary":103600,"employee_age":23,"profile_image":""},{"id":11,"employee_name":"Jena Gaines","employee_salary":90560,"employee_age":30,"profile_image":""},{"id":12,"employee_name":"Quinn Flynn","employee_salary":342000,"employee_age":22,"profile_image":""},{"id":13,"employee_name":"Charde Marshall","employee_salary":470600,"employee_age":36,"profile_image":""},{"id":14,"employee_name":"Haley Kennedy","employee_salary":313500,"employee_age":43,"profile_image":""},{"id":15,"employee_name":"Tatyana Fitzpatrick","employee_salary":385750,"employee_age":19,"profile_image":""},{"id":16,"employee_name":"Michael Silva","employee_salary":198500,"employee_age":66,"profile_image":""},{"id":17,"employee_name":"Paul Byrd","employee_salary":725000,"employee_age":64,"profile_image":""},{"id":18,"employee_name":"Gloria Little","employee_salary":237500,"employee_age":59,"profile_image":""},{"id":19,"employee_name":"Bradley Greer","employee_salary":132000,"employee_age":41,"profile_image":""},{"id":20,"employee_name":"Dai Rios","employee_salary":217500,"employee_age":35,"profile_image":""},{"id":21,"employee_name":"Jenette Caldwell","employee_salary":345000,"employee_age":30,"profile_image":""},{"id":22,"employee_name":"Yuri Berry","employee_salary":675000,"employee_age":40,"profile_image":""},{"id":23,"employee_name":"Caesar Vance","employee_salary":106450,"employee_age":21,"profile_image":""},{"id":24,"employee_name":"Doris Wilder","employee_salary":85600,"employee_age":23,"profile_image":""}],"message":"Successfully! All records has been fetched."}
2021-05-13 23:41:57 INFO  EmployeesRestAPI:40 - ***********  Checking Respose Status **********
2021-05-13 23:41:57 INFO  EmployeesRestAPI:42 - Status code is --> 200
2021-05-13 23:41:57 INFO  EmployeesRestAPI:96 - ***********  Checking Content Encoding**********
2021-05-13 23:41:57 INFO  EmployeesRestAPI:99 - Content Encoding is==>gzip
2021-05-13 23:41:57 INFO  EmployeesRestAPI:63 - ***********  Checking Status Line **********
2021-05-13 23:41:57 INFO  EmployeesRestAPI:66 - Status Line is ==>HTTP/1.1 200 OK
2021-05-13 23:41:57 INFO  EmployeesRestAPI:131 - *********  Finished TC001_Get_All_Employees **********
2021-05-13 23:42:14 INFO  EmployeesRestAPI:18 - *********11 Started TC002_Get_Single_Employee_Record **********
2021-05-13 23:42:23 INFO  EmployeesRestAPI:30 - ***********  Checking Respose Body **********
2021-05-13 23:42:23 INFO  EmployeesRestAPI:39 - ***********  Checking Status Code **********
2021-05-13 23:42:23 INFO  EmployeesRestAPI:49 - *********  Finished TC002_Get_Single_User_Record **********
2021-05-13 23:56:09 INFO  EmployeesRestAPI:20 - *********Started TC005_Delete_Employee_Record **********
2021-05-13 23:58:11 INFO  EmployeesRestAPI:20 - *********Started TC005_Delete_Employee_Record **********
2021-05-14 00:02:59 INFO  EmployeesRestAPI:20 - *********Started TC005_Delete_Employee_Record **********
2021-05-14 00:03:06 INFO  EmployeesRestAPI:40 - ***********  Checking Respose Body **********
2021-05-14 00:03:06 INFO  EmployeesRestAPI:50 - ***********  Checking Respose Status **********
2021-05-14 00:03:06 INFO  EmployeesRestAPI:59 - *********  Finished TC005_Delete_Employee_Record **********
2021-05-14 00:05:01 INFO  EmployeesRestAPI:20 - *********Started TC005_Delete_Employee_Record **********
2021-05-14 00:05:08 INFO  EmployeesRestAPI:40 - ***********  Checking Respose Body **********
2021-05-14 00:05:08 INFO  EmployeesRestAPI:50 - ***********  Checking Respose Status **********
2021-05-14 00:05:08 INFO  EmployeesRestAPI:59 - *********  Finished TC005_Delete_Employee_Record **********
2021-05-14 00:06:13 INFO  EmployeesRestAPI:27 - *********Started TC003_Post_Employee_Record **********
2021-05-14 00:06:21 INFO  EmployeesRestAPI:59 - ***********  Checking Respose Body **********
2021-05-14 00:06:21 INFO  EmployeesRestAPI:73 - ***********  Checking Respose Status **********
2021-05-14 00:06:21 INFO  EmployeesRestAPI:75 - Status code is --> 201
2021-05-14 00:06:21 INFO  EmployeesRestAPI:83 - *********  Finished TC003_Get_All_Employees **********
2021-05-14 00:11:32 INFO  EmployeesRestAPI:27 - *********Started TC003_Post_Employee_Record **********
2021-05-14 00:11:40 INFO  EmployeesRestAPI:59 - ***********  Checking Respose Body **********
2021-05-14 00:11:40 INFO  EmployeesRestAPI:73 - ***********  Checking Respose Status **********
2021-05-14 00:11:40 INFO  EmployeesRestAPI:75 - Status code is --> 201
2021-05-14 00:11:40 INFO  EmployeesRestAPI:83 - *********  Finished TC003_Get_All_Employees **********
2021-05-14 00:16:44 INFO  EmployeesRestAPI:20 - *********Started TC005_Delete_Employee_Record **********
2021-05-14 00:16:51 INFO  EmployeesRestAPI:40 - ***********  Checking Respose Body **********
2021-05-14 00:16:51 INFO  EmployeesRestAPI:51 - ***********  Checking Respose Status **********
2021-05-14 00:16:51 INFO  EmployeesRestAPI:60 - *********  Finished TC005_Delete_Employee_Record **********
2021-05-14 00:36:19 INFO  EmployeesRestAPI:16 - ******************* Started TC001_Get_All_Employees ********************
2021-05-14 00:36:26 INFO  EmployeesRestAPI:75 - ***********  Checking Content Type **********
2021-05-14 00:36:26 INFO  EmployeesRestAPI:78 - Content type is ==>application/json; charset=utf-8
2021-05-14 00:36:26 INFO  EmployeesRestAPI:50 - ***********  Checking Respose Time **********
2021-05-14 00:36:26 INFO  EmployeesRestAPI:52 - Response Time is --> 679
2021-05-14 00:36:26 INFO  EmployeesRestAPI:29 - ***********  Checking Respose Body **********
2021-05-14 00:36:26 INFO  EmployeesRestAPI:31 - Response body is---> [
  {
    "first_name": "Suraj",
    "last_name": "QA",
    "id": 1,
    "subjectId": 1
  },
  {
    "first_name": "John",
    "last_name": "Cena",
    "id": 2,
    "subjectId": 2
  },
  {
    "first_name": "Ronny",
    "last_name": "Pal",
    "id": 3,
    "subjectId": 1
  },
  {
    "first_name": "Ellien",
    "last_name": "Palin",
    "subjectId": 2,
    "id": 4
  },
  {
    "first_name": "Mark",
    "last_name": "Waugh",
    "subjectId": 1,
    "id": 5
  }
]
2021-05-14 00:36:26 INFO  EmployeesRestAPI:40 - ***********  Checking Respose Status **********
2021-05-14 00:36:26 INFO  EmployeesRestAPI:42 - Status code is --> 200
2021-05-14 00:36:26 INFO  EmployeesRestAPI:96 - ***********  Checking Content Encoding**********
2021-05-14 00:36:26 INFO  EmployeesRestAPI:99 - Content Encoding is==>null
2021-05-14 00:36:26 INFO  EmployeesRestAPI:63 - ***********  Checking Status Line **********
2021-05-14 00:36:26 INFO  EmployeesRestAPI:66 - Status Line is ==>HTTP/1.1 200 OK
2021-05-14 00:36:26 INFO  EmployeesRestAPI:131 - *********  Finished TC001_Get_All_Employees **********
2021-05-14 00:44:23 INFO  EmployeesRestAPI:26 - *********Started TC003_Post_Employee_Record **********
2021-05-14 00:44:30 INFO  EmployeesRestAPI:59 - ***********  Checking Respose Body **********
2021-05-14 00:44:30 INFO  EmployeesRestAPI:73 - ***********  Checking Respose Status **********
2021-05-14 00:44:30 INFO  EmployeesRestAPI:75 - Status code is --> 404
2021-05-14 00:44:30 INFO  EmployeesRestAPI:83 - *********  Finished TC004_Get_All_Employees **********
2021-05-14 00:44:30 INFO  EmployeesRestAPI:27 - *********Started TC003_Post_Employee_Record **********
2021-05-14 00:44:35 INFO  EmployeesRestAPI:59 - ***********  Checking Respose Body **********
2021-05-14 00:44:35 INFO  EmployeesRestAPI:73 - ***********  Checking Respose Status **********
2021-05-14 00:44:35 INFO  EmployeesRestAPI:75 - Status code is --> 201
2021-05-14 00:44:35 INFO  EmployeesRestAPI:83 - *********  Finished TC003_Get_All_Employees **********
2021-05-14 00:44:35 INFO  EmployeesRestAPI:16 - ******************* Started TC001_Get_All_Employees ********************
2021-05-14 00:44:40 INFO  EmployeesRestAPI:75 - ***********  Checking Content Type **********
2021-05-14 00:44:40 INFO  EmployeesRestAPI:78 - Content type is ==>application/json; charset=utf-8
2021-05-14 00:44:40 INFO  EmployeesRestAPI:50 - ***********  Checking Respose Time **********
2021-05-14 00:44:40 INFO  EmployeesRestAPI:52 - Response Time is --> 19
2021-05-14 00:44:40 INFO  EmployeesRestAPI:29 - ***********  Checking Respose Body **********
2021-05-14 00:44:40 INFO  EmployeesRestAPI:31 - Response body is---> [
  {
    "first_name": "Suraj",
    "last_name": "QA",
    "id": 1,
    "subjectId": 1
  },
  {
    "first_name": "John",
    "last_name": "Cena",
    "id": 2,
    "subjectId": 2
  },
  {
    "first_name": "Ronny",
    "last_name": "Pal",
    "id": 3,
    "subjectId": 1
  },
  {
    "first_name": "Ellien",
    "last_name": "Palin",
    "subjectId": 2,
    "id": 4
  },
  {
    "first_name": "Mark",
    "last_name": "Waugh",
    "subjectId": 1,
    "id": 5
  },
  {
    "last_name": "Santenerm",
    "id": "666",
    "first_name": "KoriV",
    "subjectId": "893"
  }
]
2021-05-14 00:44:40 INFO  EmployeesRestAPI:40 - ***********  Checking Respose Status **********
2021-05-14 00:44:40 INFO  EmployeesRestAPI:42 - Status code is --> 200
2021-05-14 00:44:40 INFO  EmployeesRestAPI:96 - ***********  Checking Content Encoding**********
2021-05-14 00:44:40 INFO  EmployeesRestAPI:99 - Content Encoding is==>null
2021-05-14 00:44:40 INFO  EmployeesRestAPI:63 - ***********  Checking Status Line **********
2021-05-14 00:44:40 INFO  EmployeesRestAPI:66 - Status Line is ==>HTTP/1.1 200 OK
2021-05-14 00:44:40 INFO  EmployeesRestAPI:131 - *********  Finished TC001_Get_All_Employees **********
2021-05-14 00:44:40 INFO  EmployeesRestAPI:18 - *********11 Started TC002_Get_Single_Employee_Record **********
2021-05-14 00:44:48 INFO  EmployeesRestAPI:30 - ***********  Checking Respose Body **********
2021-05-14 00:44:48 INFO  EmployeesRestAPI:39 - ***********  Checking Status Code **********
2021-05-14 00:44:48 INFO  EmployeesRestAPI:49 - *********  Finished TC002_Get_Single_User_Record **********
2021-05-14 00:44:48 INFO  EmployeesRestAPI:20 - *********Started TC005_Delete_Employee_Record **********
2021-05-14 00:44:51 INFO  EmployeesRestAPI:40 - ***********  Checking Respose Body **********
2021-05-14 00:44:51 INFO  EmployeesRestAPI:51 - ***********  Checking Respose Status **********
2021-05-14 00:44:51 INFO  EmployeesRestAPI:60 - *********  Finished TC005_Delete_Employee_Record **********
2021-05-14 00:49:32 INFO  EmployeesRestAPI:16 - ******************* Started TC001_Get_All_Employees ********************
2021-05-14 00:49:39 INFO  EmployeesRestAPI:75 - ***********  Checking Content Type **********
2021-05-14 00:49:39 INFO  EmployeesRestAPI:78 - Content type is ==>application/json; charset=utf-8
2021-05-14 00:49:39 INFO  EmployeesRestAPI:50 - ***********  Checking Respose Time **********
2021-05-14 00:49:39 INFO  EmployeesRestAPI:52 - Response Time is --> 718
2021-05-14 00:49:39 INFO  EmployeesRestAPI:29 - ***********  Checking Respose Body **********
2021-05-14 00:49:39 INFO  EmployeesRestAPI:31 - Response body is---> [
  {
    "first_name": "Suraj",
    "last_name": "QA",
    "id": 1,
    "subjectId": 1
  },
  {
    "first_name": "John",
    "last_name": "Cena",
    "id": 2,
    "subjectId": 2
  },
  {
    "first_name": "Ronny",
    "last_name": "Pal",
    "id": 3,
    "subjectId": 1
  },
  {
    "first_name": "Ellien",
    "last_name": "Palin",
    "subjectId": 2,
    "id": 4
  },
  {
    "first_name": "Mark",
    "last_name": "Waugh",
    "subjectId": 1,
    "id": 5
  }
]
2021-05-14 00:49:39 INFO  EmployeesRestAPI:40 - ***********  Checking Respose Status **********
2021-05-14 00:49:39 INFO  EmployeesRestAPI:42 - Status code is --> 200
2021-05-14 00:49:39 INFO  EmployeesRestAPI:96 - ***********  Checking Content Encoding**********
2021-05-14 00:49:39 INFO  EmployeesRestAPI:99 - Content Encoding is==>null
2021-05-14 00:49:39 INFO  EmployeesRestAPI:63 - ***********  Checking Status Line **********
2021-05-14 00:49:39 INFO  EmployeesRestAPI:66 - Status Line is ==>HTTP/1.1 200 OK
2021-05-14 00:49:39 INFO  EmployeesRestAPI:131 - *********  Finished TC001_Get_All_Employees **********
2021-05-14 00:49:39 INFO  EmployeesRestAPI:18 - *********11 Started TC002_Get_Single_Employee_Record **********
2021-05-14 00:49:46 INFO  EmployeesRestAPI:30 - ***********  Checking Respose Body **********
2021-05-14 00:49:46 INFO  EmployeesRestAPI:39 - ***********  Checking Status Code **********
2021-05-14 00:49:46 INFO  EmployeesRestAPI:49 - *********  Finished TC002_Get_Single_User_Record **********
2021-05-14 00:49:46 INFO  EmployeesRestAPI:27 - *********Started TC003_Post_Employee_Record **********
2021-05-14 00:49:51 INFO  EmployeesRestAPI:59 - ***********  Checking Respose Body **********
2021-05-14 00:49:51 INFO  EmployeesRestAPI:73 - ***********  Checking Respose Status **********
2021-05-14 00:49:51 INFO  EmployeesRestAPI:75 - Status code is --> 201
2021-05-14 00:49:51 INFO  EmployeesRestAPI:83 - *********  Finished TC003_Get_All_Employees **********
2021-05-14 00:49:51 INFO  EmployeesRestAPI:26 - *********Started TC003_Post_Employee_Record **********
2021-05-14 00:49:56 INFO  EmployeesRestAPI:59 - ***********  Checking Respose Body **********
2021-05-14 00:49:56 INFO  EmployeesRestAPI:73 - ***********  Checking Respose Status **********
2021-05-14 00:49:56 INFO  EmployeesRestAPI:75 - Status code is --> 404
2021-05-14 00:49:56 INFO  EmployeesRestAPI:83 - *********  Finished TC004_Get_All_Employees **********
2021-05-14 00:49:56 INFO  EmployeesRestAPI:20 - *********Started TC005_Delete_Employee_Record **********
2021-05-14 00:50:00 INFO  EmployeesRestAPI:40 - ***********  Checking Respose Body **********
2021-05-14 00:50:00 INFO  EmployeesRestAPI:51 - ***********  Checking Respose Status **********
2021-05-14 00:50:00 INFO  EmployeesRestAPI:60 - *********  Finished TC005_Delete_Employee_Record **********
2021-05-14 17:32:33 INFO  EmployeesRestAPI:16 - ******************* Started TC001_Get_All_Employees ********************
2021-05-14 17:32:40 INFO  EmployeesRestAPI:75 - ***********  Checking Content Type **********
2021-05-14 17:32:40 INFO  EmployeesRestAPI:78 - Content type is ==>application/json; charset=utf-8
2021-05-14 17:32:40 INFO  EmployeesRestAPI:50 - ***********  Checking Respose Time **********
2021-05-14 17:32:40 INFO  EmployeesRestAPI:52 - Response Time is --> 689
2021-05-14 17:32:40 INFO  EmployeesRestAPI:29 - ***********  Checking Respose Body **********
2021-05-14 17:32:40 INFO  EmployeesRestAPI:31 - Response body is---> [
  {
    "first_name": "Suraj",
    "last_name": "QA",
    "id": 1,
    "subjectId": 1
  },
  {
    "first_name": "John",
    "last_name": "Cena",
    "id": 2,
    "subjectId": 2
  },
  {
    "first_name": "Ronny",
    "last_name": "Pal",
    "id": 3,
    "subjectId": 1
  },
  {
    "first_name": "Ellien",
    "last_name": "Palin",
    "subjectId": 2,
    "id": 4
  },
  {
    "first_name": "Mark",
    "last_name": "Waugh",
    "subjectId": 1,
    "id": 5
  }
]
2021-05-14 17:32:40 INFO  EmployeesRestAPI:40 - ***********  Checking Respose Status **********
2021-05-14 17:32:40 INFO  EmployeesRestAPI:42 - Status code is --> 200
2021-05-14 17:32:40 INFO  EmployeesRestAPI:96 - ***********  Checking Content Encoding**********
2021-05-14 17:32:40 INFO  EmployeesRestAPI:99 - Content Encoding is==>null
2021-05-14 17:32:40 INFO  EmployeesRestAPI:63 - ***********  Checking Status Line **********
2021-05-14 17:32:40 INFO  EmployeesRestAPI:66 - Status Line is ==>HTTP/1.1 200 OK
2021-05-14 17:32:40 INFO  EmployeesRestAPI:131 - *********  Finished TC001_Get_All_Employees **********
2021-05-14 17:36:16 INFO  EmployeesRestAPI:16 - ******************* Started TC001_Get_All_Employees ********************
2021-05-14 17:36:23 INFO  EmployeesRestAPI:75 - ***********  Checking Content Type **********
2021-05-14 17:36:23 INFO  EmployeesRestAPI:78 - Content type is ==>application/json; charset=utf-8
2021-05-14 17:36:23 INFO  EmployeesRestAPI:50 - ***********  Checking Respose Time **********
2021-05-14 17:36:23 INFO  EmployeesRestAPI:52 - Response Time is --> 713
2021-05-14 17:36:23 INFO  EmployeesRestAPI:29 - ***********  Checking Respose Body **********
2021-05-14 17:36:23 INFO  EmployeesRestAPI:31 - Response body is---> [
  {
    "first_name": "Suraj",
    "last_name": "QA",
    "id": 1,
    "subjectId": 1
  },
  {
    "first_name": "John",
    "last_name": "Cena",
    "id": 2,
    "subjectId": 2
  },
  {
    "first_name": "Ronny",
    "last_name": "Pal",
    "id": 3,
    "subjectId": 1
  },
  {
    "first_name": "Ellien",
    "last_name": "Palin",
    "subjectId": 2,
    "id": 4
  },
  {
    "first_name": "Mark",
    "last_name": "Waugh",
    "subjectId": 1,
    "id": 5
  }
]
2021-05-14 17:36:23 INFO  EmployeesRestAPI:40 - ***********  Checking Respose Status **********
2021-05-14 17:36:23 INFO  EmployeesRestAPI:42 - Status code is --> 200
2021-05-14 17:36:23 INFO  EmployeesRestAPI:96 - ***********  Checking Content Encoding**********
2021-05-14 17:36:23 INFO  EmployeesRestAPI:99 - Content Encoding is==>null
2021-05-14 17:36:23 INFO  EmployeesRestAPI:63 - ***********  Checking Status Line **********
2021-05-14 17:36:23 INFO  EmployeesRestAPI:66 - Status Line is ==>HTTP/1.1 200 OK
2021-05-14 17:36:23 INFO  EmployeesRestAPI:131 - *********  Finished TC001_Get_All_Employees **********
2021-05-14 17:36:39 INFO  EmployeesRestAPI:16 - ******************* Started TC001_Get_All_Employees ********************
2021-05-14 17:36:46 INFO  EmployeesRestAPI:75 - ***********  Checking Content Type **********
2021-05-14 17:36:46 INFO  EmployeesRestAPI:78 - Content type is ==>application/json; charset=utf-8
2021-05-14 17:36:47 INFO  EmployeesRestAPI:50 - ***********  Checking Respose Time **********
2021-05-14 17:36:47 INFO  EmployeesRestAPI:52 - Response Time is --> 710
2021-05-14 17:36:47 INFO  EmployeesRestAPI:29 - ***********  Checking Respose Body **********
2021-05-14 17:36:47 INFO  EmployeesRestAPI:31 - Response body is---> [
  {
    "first_name": "Suraj",
    "last_name": "QA",
    "id": 1,
    "subjectId": 1
  },
  {
    "first_name": "John",
    "last_name": "Cena",
    "id": 2,
    "subjectId": 2
  },
  {
    "first_name": "Ronny",
    "last_name": "Pal",
    "id": 3,
    "subjectId": 1
  },
  {
    "first_name": "Ellien",
    "last_name": "Palin",
    "subjectId": 2,
    "id": 4
  },
  {
    "first_name": "Mark",
    "last_name": "Waugh",
    "subjectId": 1,
    "id": 5
  }
]
2021-05-14 17:36:47 INFO  EmployeesRestAPI:40 - ***********  Checking Respose Status **********
2021-05-14 17:36:47 INFO  EmployeesRestAPI:42 - Status code is --> 200
2021-05-14 17:36:47 INFO  EmployeesRestAPI:96 - ***********  Checking Content Encoding**********
2021-05-14 17:36:47 INFO  EmployeesRestAPI:99 - Content Encoding is==>null
2021-05-14 17:36:47 INFO  EmployeesRestAPI:63 - ***********  Checking Status Line **********
2021-05-14 17:36:47 INFO  EmployeesRestAPI:66 - Status Line is ==>HTTP/1.1 200 OK
2021-05-14 17:36:47 INFO  EmployeesRestAPI:131 - *********  Finished TC001_Get_All_Employees **********
2021-05-14 17:44:22 INFO  EmployeesRestAPI:18 - *********11 Started TC002_Get_Single_Employee_Record **********
2021-05-14 17:44:31 INFO  EmployeesRestAPI:30 - ***********  Checking Respose Body **********
2021-05-14 17:44:31 INFO  EmployeesRestAPI:39 - ***********  Checking Status Code **********
2021-05-14 17:44:31 INFO  EmployeesRestAPI:49 - *********  Finished TC002_Get_Single_User_Record **********
2021-05-14 17:44:44 INFO  EmployeesRestAPI:27 - *********Started TC003_Post_Employee_Record **********
2021-05-14 17:44:52 INFO  EmployeesRestAPI:59 - ***********  Checking Respose Body **********
2021-05-14 17:44:52 INFO  EmployeesRestAPI:73 - ***********  Checking Respose Status **********
2021-05-14 17:44:52 INFO  EmployeesRestAPI:75 - Status code is --> 201
2021-05-14 17:44:52 INFO  EmployeesRestAPI:83 - *********  Finished TC003_Get_All_Employees **********
2021-05-14 17:45:07 INFO  EmployeesRestAPI:26 - *********Started TC003_Post_Employee_Record **********
2021-05-14 17:45:15 INFO  EmployeesRestAPI:59 - ***********  Checking Respose Body **********
2021-05-14 17:45:15 INFO  EmployeesRestAPI:73 - ***********  Checking Respose Status **********
2021-05-14 17:45:15 INFO  EmployeesRestAPI:75 - Status code is --> 200
2021-05-14 17:45:15 INFO  EmployeesRestAPI:83 - *********  Finished TC004_Get_All_Employees **********
2021-05-14 17:45:50 INFO  EmployeesRestAPI:20 - *********Started TC005_Delete_Employee_Record **********
2021-05-14 17:45:57 INFO  EmployeesRestAPI:40 - ***********  Checking Respose Body **********
2021-05-14 17:45:57 INFO  EmployeesRestAPI:51 - ***********  Checking Respose Status **********
2021-05-14 17:45:57 INFO  EmployeesRestAPI:60 - *********  Finished TC005_Delete_Employee_Record **********
2021-05-14 17:54:33 INFO  EmployeesRestAPI:20 - *********Started TC005_Delete_Employee_Record **********
2021-05-14 17:54:40 INFO  EmployeesRestAPI:40 - ***********  Checking Respose Body **********
2021-05-14 17:54:40 INFO  EmployeesRestAPI:51 - ***********  Checking Respose Status **********
2021-05-14 17:54:40 INFO  EmployeesRestAPI:60 - *********  Finished TC005_Delete_Employee_Record **********
2021-05-14 17:55:05 INFO  EmployeesRestAPI:27 - *********Started TC003_Post_Employee_Record **********
2021-05-14 17:55:13 INFO  EmployeesRestAPI:59 - ***********  Checking Respose Body **********
2021-05-14 17:55:13 INFO  EmployeesRestAPI:73 - ***********  Checking Respose Status **********
2021-05-14 17:55:13 INFO  EmployeesRestAPI:75 - Status code is --> 201
2021-05-14 17:55:13 INFO  EmployeesRestAPI:83 - *********  Finished TC003_Get_All_Employees **********
2021-05-14 18:11:38 INFO  EmployeesRestAPI:16 - ******************* Started TC001_Get_All_Employees ********************
2021-05-14 18:11:46 INFO  EmployeesRestAPI:75 - ***********  Checking Content Type **********
2021-05-14 18:11:46 INFO  EmployeesRestAPI:78 - Content type is ==>application/json; charset=utf-8
2021-05-14 18:11:46 INFO  EmployeesRestAPI:50 - ***********  Checking Respose Time **********
2021-05-14 18:11:46 INFO  EmployeesRestAPI:52 - Response Time is --> 835
2021-05-14 18:11:46 INFO  EmployeesRestAPI:29 - ***********  Checking Respose Body **********
2021-05-14 18:11:46 INFO  EmployeesRestAPI:31 - Response body is---> [
  {
    "first_name": "Suraj",
    "last_name": "QA",
    "id": 1,
    "subjectId": 1
  },
  {
    "first_name": "John",
    "last_name": "Cena",
    "id": 2,
    "subjectId": 2
  },
  {
    "first_name": "Ronny",
    "last_name": "Pal",
    "id": 3,
    "subjectId": 1
  },
  {
    "first_name": "Mark",
    "last_name": "Waugh",
    "subjectId": 1,
    "id": 5
  },
  {
    "last_name": "SantenerS",
    "id": "354",
    "first_name": "KoriR",
    "subjectId": "857"
  }
]
2021-05-14 18:11:46 INFO  EmployeesRestAPI:40 - ***********  Checking Respose Status **********
2021-05-14 18:11:46 INFO  EmployeesRestAPI:42 - Status code is --> 200
2021-05-14 18:11:46 INFO  EmployeesRestAPI:96 - ***********  Checking Content Encoding**********
2021-05-14 18:11:46 INFO  EmployeesRestAPI:99 - Content Encoding is==>null
2021-05-14 18:11:46 INFO  EmployeesRestAPI:63 - ***********  Checking Status Line **********
2021-05-14 18:11:46 INFO  EmployeesRestAPI:66 - Status Line is ==>HTTP/1.1 200 OK
2021-05-14 18:11:46 INFO  EmployeesRestAPI:131 - *********  Finished TC001_Get_All_Employees **********
2021-05-14 18:11:46 INFO  EmployeesRestAPI:18 - *********11 Started TC002_Get_Single_Employee_Record **********
2021-05-14 18:11:53 INFO  EmployeesRestAPI:30 - ***********  Checking Respose Body **********
2021-05-14 18:11:53 INFO  EmployeesRestAPI:39 - ***********  Checking Status Code **********
2021-05-14 18:11:53 INFO  EmployeesRestAPI:49 - *********  Finished TC002_Get_Single_User_Record **********
2021-05-14 18:11:53 INFO  EmployeesRestAPI:27 - *********Started TC003_Post_Employee_Record **********
2021-05-14 18:11:58 INFO  EmployeesRestAPI:59 - ***********  Checking Respose Body **********
2021-05-14 18:11:58 INFO  EmployeesRestAPI:73 - ***********  Checking Respose Status **********
2021-05-14 18:11:58 INFO  EmployeesRestAPI:75 - Status code is --> 201
2021-05-14 18:11:58 INFO  EmployeesRestAPI:83 - *********  Finished TC003_Get_All_Employees **********
2021-05-14 18:11:58 INFO  EmployeesRestAPI:26 - *********Started TC003_Post_Employee_Record **********
2021-05-14 18:12:03 INFO  EmployeesRestAPI:59 - ***********  Checking Respose Body **********
2021-05-14 18:12:03 INFO  EmployeesRestAPI:73 - ***********  Checking Respose Status **********
2021-05-14 18:12:03 INFO  EmployeesRestAPI:75 - Status code is --> 404
2021-05-14 18:12:03 INFO  EmployeesRestAPI:83 - *********  Finished TC004_Get_All_Employees **********
2021-05-14 18:12:03 INFO  EmployeesRestAPI:20 - *********Started TC005_Delete_Employee_Record **********
2021-05-14 18:12:07 INFO  EmployeesRestAPI:40 - ***********  Checking Respose Body **********
2021-05-14 18:12:07 INFO  EmployeesRestAPI:51 - ***********  Checking Respose Status **********
2021-05-14 18:12:07 INFO  EmployeesRestAPI:60 - *********  Finished TC005_Delete_Employee_Record **********
2021-05-14 18:14:33 INFO  EmployeesRestAPI:27 - *********Started TC003_Post_Employee_Record **********
2021-05-14 18:14:40 INFO  EmployeesRestAPI:59 - ***********  Checking Respose Body **********
2021-05-14 18:14:40 INFO  EmployeesRestAPI:73 - ***********  Checking Respose Status **********
2021-05-14 18:14:40 INFO  EmployeesRestAPI:75 - Status code is --> 201
2021-05-14 18:14:40 INFO  EmployeesRestAPI:83 - *********  Finished TC003_Get_All_Employees **********
2021-05-14 18:15:23 INFO  EmployeesRestAPI:16 - ******************* Started TC001_Get_All_Employees ********************
2021-05-14 18:15:31 INFO  EmployeesRestAPI:75 - ***********  Checking Content Type **********
2021-05-14 18:15:31 INFO  EmployeesRestAPI:78 - Content type is ==>application/json; charset=utf-8
2021-05-14 18:15:31 INFO  EmployeesRestAPI:50 - ***********  Checking Respose Time **********
2021-05-14 18:15:31 INFO  EmployeesRestAPI:52 - Response Time is --> 729
2021-05-14 18:15:31 INFO  EmployeesRestAPI:29 - ***********  Checking Respose Body **********
2021-05-14 18:15:31 INFO  EmployeesRestAPI:31 - Response body is---> [
  {
    "first_name": "Suraj",
    "last_name": "QA",
    "id": 1,
    "subjectId": 1
  },
  {
    "first_name": "John",
    "last_name": "Cena",
    "id": 2,
    "subjectId": 2
  },
  {
    "first_name": "Ronny",
    "last_name": "Pal",
    "id": 3,
    "subjectId": 1
  },
  {
    "first_name": "Mark",
    "last_name": "Waugh",
    "subjectId": 1,
    "id": 5
  },
  {
    "last_name": "Santenerr",
    "id": "422",
    "first_name": "KoriW",
    "subjectId": "972"
  }
]
2021-05-14 18:15:31 INFO  EmployeesRestAPI:40 - ***********  Checking Respose Status **********
2021-05-14 18:15:31 INFO  EmployeesRestAPI:42 - Status code is --> 200
2021-05-14 18:15:31 INFO  EmployeesRestAPI:96 - ***********  Checking Content Encoding**********
2021-05-14 18:15:31 INFO  EmployeesRestAPI:99 - Content Encoding is==>null
2021-05-14 18:15:31 INFO  EmployeesRestAPI:63 - ***********  Checking Status Line **********
2021-05-14 18:15:31 INFO  EmployeesRestAPI:66 - Status Line is ==>HTTP/1.1 200 OK
2021-05-14 18:15:31 INFO  EmployeesRestAPI:131 - *********  Finished TC001_Get_All_Employees **********
2021-05-14 18:15:31 INFO  EmployeesRestAPI:18 - *********11 Started TC002_Get_Single_Employee_Record **********
2021-05-14 18:15:38 INFO  EmployeesRestAPI:30 - ***********  Checking Respose Body **********
2021-05-14 18:15:38 INFO  EmployeesRestAPI:39 - ***********  Checking Status Code **********
2021-05-14 18:15:38 INFO  EmployeesRestAPI:49 - *********  Finished TC002_Get_Single_User_Record **********
2021-05-14 18:15:38 INFO  EmployeesRestAPI:27 - *********Started TC003_Post_Employee_Record **********
2021-05-14 18:15:43 INFO  EmployeesRestAPI:59 - ***********  Checking Respose Body **********
2021-05-14 18:15:43 INFO  EmployeesRestAPI:73 - ***********  Checking Respose Status **********
2021-05-14 18:15:43 INFO  EmployeesRestAPI:75 - Status code is --> 201
2021-05-14 18:15:43 INFO  EmployeesRestAPI:83 - *********  Finished TC003_Get_All_Employees **********
2021-05-14 18:15:43 INFO  EmployeesRestAPI:26 - *********Started TC003_Post_Employee_Record **********
2021-05-14 18:15:48 INFO  EmployeesRestAPI:59 - ***********  Checking Respose Body **********
2021-05-14 18:15:48 INFO  EmployeesRestAPI:73 - ***********  Checking Respose Status **********
2021-05-14 18:15:48 INFO  EmployeesRestAPI:75 - Status code is --> 200
2021-05-14 18:15:48 INFO  EmployeesRestAPI:83 - *********  Finished TC004_Get_All_Employees **********
2021-05-14 18:15:48 INFO  EmployeesRestAPI:20 - *********Started TC005_Delete_Employee_Record **********
2021-05-14 18:15:52 INFO  EmployeesRestAPI:40 - ***********  Checking Respose Body **********
2021-05-14 18:15:52 INFO  EmployeesRestAPI:51 - ***********  Checking Respose Status **********
2021-05-14 18:15:52 INFO  EmployeesRestAPI:60 - *********  Finished TC005_Delete_Employee_Record **********
2021-05-14 18:41:55 INFO  EmployeesRestAPI:27 - *********Started TC003_Post_Employee_Record **********
2021-05-14 18:42:02 INFO  EmployeesRestAPI:59 - ***********  Checking Respose Body **********
2021-05-14 18:42:02 INFO  EmployeesRestAPI:73 - ***********  Checking Respose Status **********
2021-05-14 18:42:02 INFO  EmployeesRestAPI:75 - Status code is --> 201
2021-05-14 18:42:02 INFO  EmployeesRestAPI:83 - *********  Finished TC003_Get_All_Employees **********
2021-05-14 18:57:15 INFO  EmployeesRestAPI:16 - ******************* Started TC001_Get_All_Employees ********************
2021-05-14 18:57:22 INFO  EmployeesRestAPI:75 - ***********  Checking Content Type **********
2021-05-14 18:57:22 INFO  EmployeesRestAPI:78 - Content type is ==>application/json; charset=utf-8
2021-05-14 18:57:22 INFO  EmployeesRestAPI:50 - ***********  Checking Respose Time **********
2021-05-14 18:57:22 INFO  EmployeesRestAPI:52 - Response Time is --> 692
2021-05-14 18:57:22 INFO  EmployeesRestAPI:29 - ***********  Checking Respose Body **********
2021-05-14 18:57:22 INFO  EmployeesRestAPI:31 - Response body is---> [
  {
    "first_name": "Suraj",
    "last_name": "QA",
    "id": 1,
    "subjectId": 1
  },
  {
    "first_name": "John",
    "last_name": "Cena",
    "id": 2,
    "subjectId": 2
  },
  {
    "first_name": "Ronny",
    "last_name": "Pal",
    "id": 3,
    "subjectId": 1
  },
  {
    "first_name": "Mark",
    "last_name": "Waugh",
    "subjectId": 1,
    "id": 5
  },
  {
    "last_name": "Santenern",
    "id": "063",
    "first_name": "KoriJ",
    "subjectId": "472"
  }
]
2021-05-14 18:57:22 INFO  EmployeesRestAPI:40 - ***********  Checking Respose Status **********
2021-05-14 18:57:22 INFO  EmployeesRestAPI:42 - Status code is --> 200
2021-05-14 18:57:22 INFO  EmployeesRestAPI:96 - ***********  Checking Content Encoding**********
2021-05-14 18:57:22 INFO  EmployeesRestAPI:99 - Content Encoding is==>null
2021-05-14 18:57:22 INFO  EmployeesRestAPI:63 - ***********  Checking Status Line **********
2021-05-14 18:57:22 INFO  EmployeesRestAPI:66 - Status Line is ==>HTTP/1.1 200 OK
2021-05-14 18:57:22 INFO  EmployeesRestAPI:131 - *********  Finished TC001_Get_All_Employees **********
2021-05-14 18:57:22 INFO  EmployeesRestAPI:18 - *********11 Started TC002_Get_Single_Employee_Record **********
2021-05-14 18:57:29 INFO  EmployeesRestAPI:30 - ***********  Checking Respose Body **********
2021-05-14 18:57:29 INFO  EmployeesRestAPI:39 - ***********  Checking Status Code **********
2021-05-14 18:57:29 INFO  EmployeesRestAPI:49 - *********  Finished TC002_Get_Single_User_Record **********
2021-05-14 18:57:29 INFO  EmployeesRestAPI:27 - *********Started TC003_Post_Employee_Record **********
2021-05-14 18:57:34 INFO  EmployeesRestAPI:59 - ***********  Checking Respose Body **********
2021-05-14 18:57:34 INFO  EmployeesRestAPI:73 - ***********  Checking Respose Status **********
2021-05-14 18:57:34 INFO  EmployeesRestAPI:75 - Status code is --> 201
2021-05-14 18:57:34 INFO  EmployeesRestAPI:83 - *********  Finished TC003_Get_All_Employees **********
2021-05-14 18:57:34 INFO  EmployeesRestAPI:26 - *********Started TC003_Post_Employee_Record **********
2021-05-14 18:57:39 INFO  EmployeesRestAPI:59 - ***********  Checking Respose Body **********
2021-05-14 18:57:39 INFO  EmployeesRestAPI:73 - ***********  Checking Respose Status **********
2021-05-14 18:57:39 INFO  EmployeesRestAPI:75 - Status code is --> 200
2021-05-14 18:57:39 INFO  EmployeesRestAPI:83 - *********  Finished TC004_Get_All_Employees **********
2021-05-14 18:57:39 INFO  EmployeesRestAPI:20 - *********Started TC005_Delete_Employee_Record **********
2021-05-14 18:57:43 INFO  EmployeesRestAPI:40 - ***********  Checking Respose Body **********
2021-05-14 18:57:43 INFO  EmployeesRestAPI:51 - ***********  Checking Respose Status **********
2021-05-14 18:57:43 INFO  EmployeesRestAPI:60 - *********  Finished TC005_Delete_Employee_Record **********
2021-05-14 18:59:07 INFO  EmployeesRestAPI:27 - *********Started TC003_Post_Employee_Record **********
2021-05-14 18:59:15 INFO  EmployeesRestAPI:59 - ***********  Checking Respose Body **********
2021-05-14 18:59:15 INFO  EmployeesRestAPI:73 - ***********  Checking Respose Status **********
2021-05-14 18:59:15 INFO  EmployeesRestAPI:75 - Status code is --> 201
2021-05-14 18:59:15 INFO  EmployeesRestAPI:83 - *********  Finished TC003_Get_All_Employees **********
2021-05-15 18:47:34 INFO  EmployeesRestAPI:28 - *********Started TC003_Post_Employee_Record **********
2021-05-15 18:47:42 INFO  EmployeesRestAPI:60 - ***********  Checking Respose Body **********
2021-05-15 18:47:42 INFO  EmployeesRestAPI:74 - ***********  Checking Respose Status **********
2021-05-15 18:47:42 INFO  EmployeesRestAPI:76 - Status code is --> 201
2021-05-15 18:47:42 INFO  EmployeesRestAPI:84 - *********  Finished TC003_Get_All_Employees **********
2021-05-24 22:33:12 INFO  EmployeesRestAPI:16 - ******************* Started TC001_Get_All_Employees ********************
2021-05-24 22:33:19 INFO  EmployeesRestAPI:75 - ***********  Checking Content Type **********
2021-05-24 22:33:19 INFO  EmployeesRestAPI:78 - Content type is ==>application/json; charset=utf-8
2021-05-24 22:33:19 INFO  EmployeesRestAPI:50 - ***********  Checking Respose Time **********
2021-05-24 22:33:19 INFO  EmployeesRestAPI:52 - Response Time is --> 708
2021-05-24 22:33:19 INFO  EmployeesRestAPI:29 - ***********  Checking Respose Body **********
2021-05-24 22:33:19 INFO  EmployeesRestAPI:31 - Response body is---> [
  {
    "first_name": "Suraj",
    "last_name": "QA",
    "id": 1,
    "subjectId": 1
  },
  {
    "first_name": "John",
    "last_name": "Cena",
    "id": 2,
    "subjectId": 2
  },
  {
    "first_name": "Ronny",
    "last_name": "Pal",
    "id": 3,
    "subjectId": 1
  },
  {
    "first_name": "Mark",
    "last_name": "Waugh",
    "subjectId": 1,
    "id": 5
  },
  {
    "first_name": "Global",
    "last_name": "Logic",
    "subjectId": 1,
    "id": "409"
  },
  {
    "first_name": "287",
    "id": "ptz6ICK"
  },
  {
    "first_name": "Rock",
    "last_name": "Bek",
    "id": 22,
    "subjectId": 1
  },
  {
    "last_name": "Khan",
    "id": "23",
    "first_name": "Aamir",
    "subjectId": "2"
  },
  {
    "last_name": "ZLVGt",
    "id": "69",
    "first_name": "ZLVGt",
    "subjectId": "69"
  },
  {
    "last_name": "JCoRK",
    "id": "65",
    "first_name": "JCoRK",
    "subjectId": "40"
  },
  {
    "last_name": "ksjbS",
    "id": "90",
    "first_name": "ksjbS",
    "subjectId": "15"
  },
  {
    "last_name": "vOQlm",
    "id": "68",
    "first_name": "vOQlm",
    "subjectId": "19"
  },
  {
    "last_name": "kSStKlYE",
    "id": "677",
    "first_name": "QXbgHPun",
    "subjectId": "948"
  }
]
2021-05-24 22:33:19 INFO  EmployeesRestAPI:40 - ***********  Checking Respose Status **********
2021-05-24 22:33:19 INFO  EmployeesRestAPI:42 - Status code is --> 200
2021-05-24 22:33:19 INFO  EmployeesRestAPI:96 - ***********  Checking Content Encoding**********
2021-05-24 22:33:19 INFO  EmployeesRestAPI:99 - Content Encoding is==>gzip
2021-05-24 22:33:19 INFO  EmployeesRestAPI:63 - ***********  Checking Status Line **********
2021-05-24 22:33:19 INFO  EmployeesRestAPI:66 - Status Line is ==>HTTP/1.1 200 OK
2021-05-24 22:33:19 INFO  EmployeesRestAPI:131 - *********  Finished TC001_Get_All_Employees **********
